{"/app/src/exercieses.ts": {"path":"/app/src/exercieses.ts","statementMap":{"0":{"start":{"line":19,"column":0},"end":{"line":19,"column":16}},"1":{"start":{"line":29,"column":0},"end":{"line":29,"column":16}},"2":{"start":{"line":33,"column":0},"end":{"line":33,"column":16}},"3":{"start":{"line":10,"column":27},"end":{"line":10,"column":31}},"4":{"start":{"line":11,"column":25},"end":{"line":11,"column":29}},"5":{"start":{"line":12,"column":23},"end":{"line":12,"column":30}},"6":{"start":{"line":13,"column":26},"end":{"line":13,"column":30}},"7":{"start":{"line":14,"column":25},"end":{"line":14,"column":29}},"8":{"start":{"line":15,"column":24},"end":{"line":15,"column":25}},"9":{"start":{"line":16,"column":22},"end":{"line":16,"column":24}},"10":{"start":{"line":17,"column":22},"end":{"line":17,"column":24}},"11":{"start":{"line":20,"column":2},"end":{"line":26,"column":8}},"12":{"start":{"line":21,"column":24},"end":{"line":21,"column":47}},"13":{"start":{"line":22,"column":6},"end":{"line":23,"column":73}},"14":{"start":{"line":22,"column":37},"end":{"line":22,"column":70}},"15":{"start":{"line":23,"column":11},"end":{"line":23,"column":73}},"16":{"start":{"line":23,"column":41},"end":{"line":23,"column":73}},"17":{"start":{"line":25,"column":6},"end":{"line":25,"column":69}},"18":{"start":{"line":30,"column":2},"end":{"line":30,"column":78}},"19":{"start":{"line":34,"column":20},"end":{"line":34,"column":46}},"20":{"start":{"line":35,"column":29},"end":{"line":35,"column":73}},"21":{"start":{"line":36,"column":20},"end":{"line":36,"column":50}},"22":{"start":{"line":37,"column":2},"end":{"line":37,"column":53}},"23":{"start":{"line":40,"column":32},"end":{"line":48,"column":2}},"24":{"start":{"line":50,"column":18},"end":{"line":50,"column":51}},"25":{"start":{"line":51,"column":19},"end":{"line":51,"column":63}},"26":{"start":{"line":52,"column":17},"end":{"line":52,"column":50}},"27":{"start":{"line":54,"column":0},"end":{"line":54,"column":72}},"28":{"start":{"line":55,"column":0},"end":{"line":55,"column":90}},"29":{"start":{"line":56,"column":0},"end":{"line":56,"column":42}}},"fnMap":{"0":{"name":"calcularPagoBruto","decl":{"start":{"line":19,"column":16},"end":{"line":19,"column":33}},"loc":{"start":{"line":19,"column":50},"end":{"line":27,"column":1}}},"1":{"name":"(anonymous_1)","decl":{"start":{"line":20,"column":40},"end":{"line":20,"column":41}},"loc":{"start":{"line":20,"column":56},"end":{"line":26,"column":3}}},"2":{"name":"calcularDescuentosSeguridadSocial","decl":{"start":{"line":29,"column":16},"end":{"line":29,"column":49}},"loc":{"start":{"line":29,"column":67},"end":{"line":31,"column":1}}},"3":{"name":"calcularPagoTotal","decl":{"start":{"line":33,"column":16},"end":{"line":33,"column":33}},"loc":{"start":{"line":33,"column":50},"end":{"line":38,"column":1}}}},"branchMap":{"0":{"loc":{"start":{"line":22,"column":6},"end":{"line":23,"column":73}},"type":"if","locations":[{"start":{"line":22,"column":6},"end":{"line":23,"column":73}},{"start":{"line":23,"column":11},"end":{"line":23,"column":73}}]},"1":{"loc":{"start":{"line":23,"column":11},"end":{"line":23,"column":73}},"type":"if","locations":[{"start":{"line":23,"column":11},"end":{"line":23,"column":73}}]}},"s":{"0":1,"1":1,"2":1,"3":1,"4":1,"5":1,"6":1,"7":1,"8":1,"9":1,"10":1,"11":8,"12":14,"13":14,"14":4,"15":10,"16":4,"17":14,"18":5,"19":2,"20":2,"21":2,"22":2,"23":1,"24":1,"25":1,"26":1,"27":1,"28":1,"29":1},"f":{"0":8,"1":14,"2":5,"3":2},"b":{"0":[4,10],"1":[4]}}
}
