TN:
SF:src/exercieses.ts
FN:19,calcularPagoBruto
FN:20,(anonymous_1)
FN:29,calcularDescuentosSeguridadSocial
FN:33,calcularPagoTotal
FNF:4
FNH:4
FNDA:8,calcularPagoBruto
FNDA:14,(anonymous_1)
FNDA:5,calcularDescuentosSeguridadSocial
FNDA:2,calcularPagoTotal
DA:10,1
DA:11,1
DA:12,1
DA:13,1
DA:14,1
DA:15,1
DA:16,1
DA:17,1
DA:19,1
DA:20,8
DA:21,14
DA:22,14
DA:23,10
DA:25,14
DA:29,1
DA:30,5
DA:33,1
DA:34,2
DA:35,2
DA:36,2
DA:37,2
DA:40,1
DA:50,1
DA:51,1
DA:52,1
DA:54,1
DA:55,1
DA:56,1
LF:28
LH:28
BRDA:22,0,0,4
BRDA:22,0,1,10
BRDA:23,1,0,4
BRF:3
BRH:3
end_of_record
